  pch.cpp
C:\Users\user\Documents\Projects\portfolio\Game\Libraries\Include\magic_enum\magic_enum.hpp(132,12): error C2039: 'optional': 'std'의 멤버가 아닙니다.
  (소스 파일 'pch.cpp'을(를) 컴파일하는 중)
      C:\Program Files\Microsoft Visual Studio\2022\Community\VC\Tools\MSVC\14.42.34433\include\mutex(29,1):
      'std' 선언을 참조하십시오.
  
C:\Users\user\Documents\Projects\portfolio\Game\Libraries\Include\magic_enum\magic_enum.hpp(132,1): error C2873: 'optional': using 선언에서 기호를 사용할 수 없습니다.
  (소스 파일 'pch.cpp'을(를) 컴파일하는 중)
  
C:\Users\user\Documents\Projects\portfolio\Game\Libraries\Include\magic_enum\magic_enum.hpp(139,12): error C2039: 'string_view': 'std'의 멤버가 아닙니다.
  (소스 파일 'pch.cpp'을(를) 컴파일하는 중)
      C:\Program Files\Microsoft Visual Studio\2022\Community\VC\Tools\MSVC\14.42.34433\include\mutex(29,1):
      'std' 선언을 참조하십시오.
  
C:\Users\user\Documents\Projects\portfolio\Game\Libraries\Include\magic_enum\magic_enum.hpp(139,1): error C2873: 'string_view': using 선언에서 기호를 사용할 수 없습니다.
  (소스 파일 'pch.cpp'을(를) 컴파일하는 중)
  
C:\Users\user\Documents\Projects\portfolio\Game\Libraries\Include\magic_enum\magic_enum.hpp(149,19): error C2653: 'string_view': 클래스 또는 네임스페이스 이름이 아닙니다.
  (소스 파일 'pch.cpp'을(를) 컴파일하는 중)
  
C:\Users\user\Documents\Projects\portfolio\Game\Libraries\Include\magic_enum\magic_enum.hpp(149,32): error C2061: 구문 오류: 식별자 'value_type'
  (소스 파일 'pch.cpp'을(를) 컴파일하는 중)
  
C:\Users\user\Documents\Projects\portfolio\Game\Libraries\Include\magic_enum\magic_enum.hpp(150,30): error C2065: 'string_view': 선언되지 않은 식별자입니다.
  (소스 파일 'pch.cpp'을(를) 컴파일하는 중)
  
C:\Users\user\Documents\Projects\portfolio\Game\Libraries\Include\magic_enum\magic_enum.hpp(150,30): error C2653: 'string_view': 클래스 또는 네임스페이스 이름이 아닙니다.
  (소스 파일 'pch.cpp'을(를) 컴파일하는 중)
  
C:\Users\user\Documents\Projects\portfolio\Game\Libraries\Include\magic_enum\magic_enum.hpp(150,43): error C2065: 'value_type': 선언되지 않은 식별자입니다.
  (소스 파일 'pch.cpp'을(를) 컴파일하는 중)
  
C:\Users\user\Documents\Projects\portfolio\Game\Libraries\Include\magic_enum\magic_enum.hpp(150,20): error C2923: 'std::is_same_v': 'value_type'은(는) '<unnamed-symbol>' 매개 변수에 대한 올바른 템플릿 형식 인수가 아닙니다.
  (소스 파일 'pch.cpp'을(를) 컴파일하는 중)
      C:\Users\user\Documents\Projects\portfolio\Game\Libraries\Include\magic_enum\magic_enum.hpp(150,43):
      'value_type' 선언을 참조하십시오.
  
C:\Users\user\Documents\Projects\portfolio\Game\Libraries\Include\magic_enum\magic_enum.hpp(150,15): error C2062: 예기치 않은 'unknown-type' 형식입니다.
  (소스 파일 'pch.cpp'을(를) 컴파일하는 중)
  
C:\Users\user\Documents\Projects\portfolio\Game\Libraries\Include\magic_enum\magic_enum.hpp(152,3): warning C4984: 'if constexpr'은 C++17 언어 확장입니다.
  (소스 파일 'pch.cpp'을(를) 컴파일하는 중)
  
C:\Users\user\Documents\Projects\portfolio\Game\Libraries\Include\magic_enum\magic_enum.hpp(152,32): error C2065: 'char_type': 선언되지 않은 식별자입니다.
  (소스 파일 'pch.cpp'을(를) 컴파일하는 중)
  
C:\Users\user\Documents\Projects\portfolio\Game\Libraries\Include\magic_enum\magic_enum.hpp(152,22): error C2923: 'std::is_same_v': 'char_type'은(는) '<unnamed-symbol>' 매개 변수에 대한 올바른 템플릿 형식 인수가 아닙니다.
  (소스 파일 'pch.cpp'을(를) 컴파일하는 중)
      C:\Users\user\Documents\Projects\portfolio\Game\Libraries\Include\magic_enum\magic_enum.hpp(152,32):
      'char_type' 선언을 참조하십시오.
  
C:\Users\user\Documents\Projects\portfolio\Game\Libraries\Include\magic_enum\magic_enum.hpp(152,51): error C2059: 구문 오류: ')'
  (소스 파일 'pch.cpp'을(를) 컴파일하는 중)
  
C:\Users\user\Documents\Projects\portfolio\Game\Libraries\Include\magic_enum\magic_enum.hpp(152,53): error C2143: 구문 오류: ';'이(가) '{' 앞에 없습니다.
  (소스 파일 'pch.cpp'을(를) 컴파일하는 중)
  
C:\Users\user\Documents\Projects\portfolio\Game\Libraries\Include\magic_enum\magic_enum.hpp(164,3): error C2131: 식이 상수로 계산되지 않았습니다.
  (소스 파일 'pch.cpp'을(를) 컴파일하는 중)
      C:\Users\user\Documents\Projects\portfolio\Game\Libraries\Include\magic_enum\magic_enum.hpp(164,3):
      정의되지 않은 함수 또는 선언되지 않은 'constexpr'의 호출로 인해 실패했습니다.
      C:\Users\user\Documents\Projects\portfolio\Game\Libraries\Include\magic_enum\magic_enum.hpp(164,3):
      'magic_enum::<lambda_1>::operator ()' 사용량 참조
      C:\Users\user\Documents\Projects\portfolio\Game\Libraries\Include\magic_enum\magic_enum.hpp(164,3):
      평가의 호출 스택(가장 오래된 호출이 먼저)은
          C:\Users\user\Documents\Projects\portfolio\Game\Libraries\Include\magic_enum\magic_enum.hpp(164,3):
          'bool magic_enum::<lambda_1>::operator ()(void) const' 함수를 평가하는 동안
  
C:\Users\user\Documents\Projects\portfolio\Game\Libraries\Include\magic_enum\magic_enum.hpp(189,61): error C2065: 'string_view': 선언되지 않은 식별자입니다.
  (소스 파일 'pch.cpp'을(를) 컴파일하는 중)
  
C:\Users\user\Documents\Projects\portfolio\Game\Libraries\Include\magic_enum\magic_enum.hpp(189,33): error C2923: 'std::pair': 'string_view'은(는) '_Ty2' 매개 변수에 대한 올바른 템플릿 형식 인수가 아닙니다.
  (소스 파일 'pch.cpp'을(를) 컴파일하는 중)
      C:\Users\user\Documents\Projects\portfolio\Game\Libraries\Include\magic_enum\magic_enum.hpp(189,61):
      'string_view' 선언을 참조하십시오.
  
C:\Users\user\Documents\Projects\portfolio\Game\Libraries\Include\magic_enum\magic_enum.hpp(189,33): error C2955: 'std::pair': 클래스 템플릿을(를) 사용하려면 템플릿 인수 목록이 필요합니다.
  (소스 파일 'pch.cpp'을(를) 컴파일하는 중)
      C:\Program Files\Microsoft Visual Studio\2022\Community\VC\Tools\MSVC\14.42.34433\include\utility(235,8):
      'std::pair' 선언을 참조하십시오.
  
C:\Users\user\Documents\Projects\portfolio\Game\Libraries\Include\magic_enum\magic_enum.hpp(191,25): error C2061: 구문 오류: 식별자 'string_view'
  (소스 파일 'pch.cpp'을(를) 컴파일하는 중)
  
C:\Users\user\Documents\Projects\portfolio\Game\Libraries\Include\magic_enum\magic_enum.hpp(192,25): error C4430: 형식 지정자가 없습니다. int로 가정합니다. 참고: C++에서는 기본 int를 지원하지 않습니다.
  (소스 파일 'pch.cpp'을(를) 컴파일하는 중)
  
C:\Users\user\Documents\Projects\portfolio\Game\Libraries\Include\magic_enum\magic_enum.hpp(192,40): error C2143: 구문 오류: ','이(가) '*' 앞에 없습니다.
  (소스 파일 'pch.cpp'을(를) 컴파일하는 중)
  
C:\Users\user\Documents\Projects\portfolio\Game\Libraries\Include\magic_enum\magic_enum.hpp(191,77): error C2065: 'string_view': 선언되지 않은 식별자입니다.
  (소스 파일 'pch.cpp'을(를) 컴파일하는 중)
  
C:\Users\user\Documents\Projects\portfolio\Game\Libraries\Include\magic_enum\magic_enum.hpp(191,49): error C2923: 'std::pair': 'string_view'은(는) '_Ty2' 매개 변수에 대한 올바른 템플릿 형식 인수가 아닙니다.
  (소스 파일 'pch.cpp'을(를) 컴파일하는 중)
      C:\Users\user\Documents\Projects\portfolio\Game\Libraries\Include\magic_enum\magic_enum.hpp(191,77):
      'string_view' 선언을 참조하십시오.
  
C:\Users\user\Documents\Projects\portfolio\Game\Libraries\Include\magic_enum\magic_enum.hpp(191,125): error C2065: 'srt': 선언되지 않은 식별자입니다.
  (소스 파일 'pch.cpp'을(를) 컴파일하는 중)
  
C:\Users\user\Documents\Projects\portfolio\Game\Libraries\Include\magic_enum\magic_enum.hpp(191,49): error C2614: 'magic_enum::customize::customize_t': 멤버 초기화가 잘못되었습니다. 'pair'이(가) 기본 또는 멤버가 아닙니다.
  (소스 파일 'pch.cpp'을(를) 컴파일하는 중)
  
C:\Users\user\Documents\Projects\portfolio\Game\Libraries\Include\magic_enum\magic_enum.hpp(192,61): error C2065: 'string_view': 선언되지 않은 식별자입니다.
  (소스 파일 'pch.cpp'을(를) 컴파일하는 중)
  
C:\Users\user\Documents\Projects\portfolio\Game\Libraries\Include\magic_enum\magic_enum.hpp(192,73): error C2065: 'srt': 선언되지 않은 식별자입니다.
  (소스 파일 'pch.cpp'을(를) 컴파일하는 중)
  
C:\Users\user\Documents\Projects\portfolio\Game\Libraries\Include\magic_enum\magic_enum.hpp(192,3): error C3615: constexpr 함수 'magic_enum::customize::customize_t::customize_t'은(는) 상수 식을 생성할 수 없습니다.
  (소스 파일 'pch.cpp'을(를) 컴파일하는 중)
      C:\Users\user\Documents\Projects\portfolio\Game\Libraries\Include\magic_enum\magic_enum.hpp(192,60):
      정의되지 않은 함수 또는 선언되지 않은 'constexpr'의 호출로 인해 실패했습니다.
      C:\Users\user\Documents\Projects\portfolio\Game\Libraries\Include\magic_enum\magic_enum.hpp(192,60):
      'magic_enum::customize::customize_t::customize_t' 사용량 참조
  
C:\Users\user\Documents\Projects\portfolio\Game\Libraries\Include\magic_enum\magic_enum.hpp(193,87): error C2065: 'string_view': 선언되지 않은 식별자입니다.
  (소스 파일 'pch.cpp'을(를) 컴파일하는 중)
  
C:\Users\user\Documents\Projects\portfolio\Game\Libraries\Include\magic_enum\magic_enum.hpp(193,59): error C2923: 'std::pair': 'string_view'은(는) '_Ty2' 매개 변수에 대한 올바른 템플릿 형식 인수가 아닙니다.
  (소스 파일 'pch.cpp'을(를) 컴파일하는 중)
      C:\Users\user\Documents\Projects\portfolio\Game\Libraries\Include\magic_enum\magic_enum.hpp(193,87):
      'string_view' 선언을 참조하십시오.
  
C:\Users\user\Documents\Projects\portfolio\Game\Libraries\Include\magic_enum\magic_enum.hpp(193,105): error C2065: 'string_view': 선언되지 않은 식별자입니다.
  (소스 파일 'pch.cpp'을(를) 컴파일하는 중)
  
C:\Users\user\Documents\Projects\portfolio\Game\Libraries\Include\magic_enum\magic_enum.hpp(193,59): error C2614: 'magic_enum::customize::customize_t': 멤버 초기화가 잘못되었습니다. 'pair'이(가) 기본 또는 멤버가 아닙니다.
  (소스 파일 'pch.cpp'을(를) 컴파일하는 중)
  
C:\Users\user\Documents\Projects\portfolio\Game\Libraries\Include\magic_enum\magic_enum.hpp(199,23): error C7525: 인라인 변수에는 '/std:c++17' 이상이 필요합니다.
  (소스 파일 'pch.cpp'을(를) 컴파일하는 중)
  
C:\Users\user\Documents\Projects\portfolio\Game\Libraries\Include\magic_enum\magic_enum.hpp(201,23): error C7525: 인라인 변수에는 '/std:c++17' 이상이 필요합니다.
  (소스 파일 'pch.cpp'을(를) 컴파일하는 중)
  
C:\Users\user\Documents\Projects\portfolio\Game\Libraries\Include\magic_enum\magic_enum.hpp(227,16): error C3533: 매개 변수에 'auto'이(가) 포함된 형식을 포함할 수 없습니다.
  (소스 파일 'pch.cpp'을(를) 컴파일하는 중)
      C:\Users\user\Documents\Projects\portfolio\Game\Libraries\Include\magic_enum\magic_enum.hpp(227,16):
      비형식 템플릿 매개 변수의 'auto'에는 '/std:c++17' 이상이 필요합니다.
  
C:\Users\user\Documents\Projects\portfolio\Game\Libraries\Include\magic_enum\magic_enum.hpp(231,23): error C7525: 인라인 변수에는 '/std:c++17' 이상이 필요합니다.
  (소스 파일 'pch.cpp'을(를) 컴파일하는 중)
  
C:\Users\user\Documents\Projects\portfolio\Game\Libraries\Include\magic_enum\magic_enum.hpp(263,33): error C2061: 구문 오류: 식별자 'string_view'
  (소스 파일 'pch.cpp'을(를) 컴파일하는 중)
      C:\Users\user\Documents\Projects\portfolio\Game\Libraries\Include\magic_enum\magic_enum.hpp(263,33):
      템플릿 인스턴스화 컨텍스트(가장 오래된 인스턴스화 컨텍스트)가
          C:\Users\user\Documents\Projects\portfolio\Game\Libraries\Include\magic_enum\magic_enum.hpp(257,7):
          클래스 템플릿 'magic_enum::detail::static_str'을(를) 컴파일하는 동안
  
C:\Users\user\Documents\Projects\portfolio\Game\Libraries\Include\magic_enum\magic_enum.hpp(267,3): error C4430: 형식 지정자가 없습니다. int로 가정합니다. 참고: C++에서는 기본 int를 지원하지 않습니다.
  (소스 파일 'pch.cpp'을(를) 컴파일하는 중)
  
C:\Users\user\Documents\Projects\portfolio\Game\Libraries\Include\magic_enum\magic_enum.hpp(267,28): error C2143: 구문 오류: ';'이(가) '*' 앞에 없습니다.
  (소스 파일 'pch.cpp'을(를) 컴파일하는 중)
  
C:\Users\user\Documents\Projects\portfolio\Game\Libraries\Include\magic_enum\magic_enum.hpp(267,19): error C2178: 'magic_enum::detail::static_str<N>::char_type'은(는) 'constexpr' 지정자로 선언할 수 없습니다.
  (소스 파일 'pch.cpp'을(를) 컴파일하는 중)
  
C:\Users\user\Documents\Projects\portfolio\Game\Libraries\Include\magic_enum\magic_enum.hpp(267,52): error C2334: '{' 앞에 예기치 않은 토큰이 있습니다. 명백한 함수 본문을 건너뜁니다.
  (소스 파일 'pch.cpp'을(를) 컴파일하는 중)
  
C:\Users\user\Documents\Projects\portfolio\Game\Libraries\Include\magic_enum\magic_enum.hpp(271,22): error C2833: 'operator string_view'은(는) 인식할 수 있는 연산자 또는 형식이 아닙니다.
  (소스 파일 'pch.cpp'을(를) 컴파일하는 중)
  
C:\Users\user\Documents\Projects\portfolio\Game\Libraries\Include\magic_enum\magic_enum.hpp(271,22): error C2059: 구문 오류: 'newline'
  (소스 파일 'pch.cpp'을(를) 컴파일하는 중)
  
C:\Users\user\Documents\Projects\portfolio\Game\Libraries\Include\magic_enum\magic_enum.hpp(271,51): error C2334: '{' 앞에 예기치 않은 토큰이 있습니다. 명백한 함수 본문을 건너뜁니다.
  (소스 파일 'pch.cpp'을(를) 컴파일하는 중)
  
C:\Users\user\Documents\Projects\portfolio\Game\Libraries\Include\magic_enum\magic_enum.hpp(278,24): error C2061: 구문 오류: 식별자 'string_view'
  (소스 파일 'pch.cpp'을(를) 컴파일하는 중)
  
C:\Users\user\Documents\Projects\portfolio\Game\Libraries\Include\magic_enum\magic_enum.hpp(280,3): error C2327: 'magic_enum::detail::static_str<N>::char_type': 형식 이름, 정적 또는 열거자가 아닙니다.
  (소스 파일 'pch.cpp'을(를) 컴파일하는 중)
      C:\Users\user\Documents\Projects\portfolio\Game\Libraries\Include\magic_enum\magic_enum.hpp(280,3):
      'magic_enum::detail::static_str<N>::char_type' 선언을 참조하십시오.
  
C:\Users\user\Documents\Projects\portfolio\Game\Libraries\Include\magic_enum\magic_enum.hpp(280,13): error C3646: 'chars_': 알 수 없는 재정의 지정자입니다.
  (소스 파일 'pch.cpp'을(를) 컴파일하는 중)
  
C:\Users\user\Documents\Projects\portfolio\Game\Libraries\Include\magic_enum\magic_enum.hpp(280,19): error C2143: 구문 오류: ','이(가) '[' 앞에 없습니다.
  (소스 파일 'pch.cpp'을(를) 컴파일하는 중)
  
C:\Users\user\Documents\Projects\portfolio\Game\Libraries\Include\magic_enum\magic_enum.hpp(280,52): error C2238: ';' 앞에 예기치 않은 토큰이 있습니다.
  (소스 파일 'pch.cpp'을(를) 컴파일하는 중)
  
C:\Users\user\Documents\Projects\portfolio\Game\Libraries\Include\magic_enum\magic_enum.hpp(263,72): error C3861: 'str': 식별자를 찾을 수 없습니다.
  (소스 파일 'pch.cpp'을(를) 컴파일하는 중)
  
C:\Users\user\Documents\Projects\portfolio\Game\Libraries\Include\magic_enum\magic_enum.hpp(264,5): error C3861: 'str': 식별자를 찾을 수 없습니다.
  (소스 파일 'pch.cpp'을(를) 컴파일하는 중)
  
C:\Users\user\Documents\Projects\portfolio\Game\Libraries\Include\magic_enum\magic_enum.hpp(263,72): error C2065: 'str': 선언되지 않은 식별자입니다.
  (소스 파일 'pch.cpp'을(를) 컴파일하는 중)
  
C:\Users\user\Documents\Projects\portfolio\Game\Libraries\Include\magic_enum\magic_enum.hpp(264,5): error C2065: 'str': 선언되지 않은 식별자입니다.
  (소스 파일 'pch.cpp'을(를) 컴파일하는 중)
  
C:\Users\user\Documents\Projects\portfolio\Game\Libraries\Include\magic_enum\magic_enum.hpp(275,96): error C2065: 'chars_': 선언되지 않은 식별자입니다.
  (소스 파일 'pch.cpp'을(를) 컴파일하는 중)
      C:\Users\user\Documents\Projects\portfolio\Game\Libraries\Include\magic_enum\magic_enum.hpp(275,3):
      이 진단은 컴파일러 생성 함수 'magic_enum::detail::static_str<N>::static_str(const char *,std::integer_sequence<uint16_t,I...>) noexcept'에서 수행되었습니다.
  
C:\Users\user\Documents\Projects\portfolio\Game\Libraries\Include\magic_enum\magic_enum.hpp(275,115): error C2187: 구문 오류: 예기치 않은 'char_type이(가) 있습니다.
  (소스 파일 'pch.cpp'을(를) 컴파일하는 중)
      C:\Users\user\Documents\Projects\portfolio\Game\Libraries\Include\magic_enum\magic_enum.hpp(275,3):
      이 진단은 컴파일러 생성 함수 'magic_enum::detail::static_str<N>::static_str(const char *,std::integer_sequence<uint16_t,I...>) noexcept'에서 수행되었습니다.
  
C:\Users\user\Documents\Projects\portfolio\Game\Libraries\Include\magic_enum\magic_enum.hpp(278,96): error C2065: 'chars_': 선언되지 않은 식별자입니다.
  (소스 파일 'pch.cpp'을(를) 컴파일하는 중)
      C:\Users\user\Documents\Projects\portfolio\Game\Libraries\Include\magic_enum\magic_enum.hpp(278,3):
      이 진단은 컴파일러 생성 함수 'magic_enum::detail::static_str<N>::static_str(void) noexcept'에서 수행되었습니다.
  
C:\Users\user\Documents\Projects\portfolio\Game\Libraries\Include\magic_enum\magic_enum.hpp(278,103): error C2065: 'str': 선언되지 않은 식별자입니다.
  (소스 파일 'pch.cpp'을(를) 컴파일하는 중)
      C:\Users\user\Documents\Projects\portfolio\Game\Libraries\Include\magic_enum\magic_enum.hpp(278,3):
      이 진단은 컴파일러 생성 함수 'magic_enum::detail::static_str<N>::static_str(void) noexcept'에서 수행되었습니다.
  
C:\Users\user\Documents\Projects\portfolio\Game\Libraries\Include\magic_enum\magic_enum.hpp(278,126): error C2187: 구문 오류: 예기치 않은 'char_type이(가) 있습니다.
  (소스 파일 'pch.cpp'을(를) 컴파일하는 중)
      C:\Users\user\Documents\Projects\portfolio\Game\Libraries\Include\magic_enum\magic_enum.hpp(278,3):
      이 진단은 컴파일러 생성 함수 'magic_enum::detail::static_str<N>::static_str(void) noexcept'에서 수행되었습니다.
  
C:\Users\user\Documents\Projects\portfolio\Game\Libraries\Include\magic_enum\magic_enum.hpp(290,46): error C2143: 구문 오류: ';'이(가) 'noexcept' 앞에 없습니다.
  (소스 파일 'pch.cpp'을(를) 컴파일하는 중)
  
C:\Users\user\Documents\Projects\portfolio\Game\Libraries\Include\magic_enum\magic_enum.hpp(290,33): error C2178: 'magic_enum::detail::static_str<0>::string_view'은(는) 'constexpr' 지정자로 선언할 수 없습니다.
  (소스 파일 'pch.cpp'을(를) 컴파일하는 중)
  
C:\Users\user\Documents\Projects\portfolio\Game\Libraries\Include\magic_enum\magic_enum.hpp(290,33): error C2460: 'magic_enum::detail::static_str<0>::string_view': 정의 중인 'magic_enum::detail::static_str<0>'을(를) 사용합니다.
  (소스 파일 'pch.cpp'을(를) 컴파일하는 중)
      C:\Users\user\Documents\Projects\portfolio\Game\Libraries\Include\magic_enum\magic_enum.hpp(284,7):
      'magic_enum::detail::static_str<0>' 선언을 참조하십시오.
  
C:\Users\user\Documents\Projects\portfolio\Game\Libraries\Include\magic_enum\magic_enum.hpp(290,33): error C2178: 'magic_enum::detail::static_str<0>::string_view'은(는) 'explicit' 지정자로 선언할 수 없습니다.
  (소스 파일 'pch.cpp'을(를) 컴파일하는 중)
  
C:\Users\user\Documents\Projects\portfolio\Game\Libraries\Include\magic_enum\magic_enum.hpp(290,55): error C2334: '{' 앞에 예기치 않은 토큰이 있습니다. 명백한 함수 본문을 건너뜁니다.
  (소스 파일 'pch.cpp'을(를) 컴파일하는 중)
  
C:\Users\user\Documents\Projects\portfolio\Game\Libraries\Include\magic_enum\magic_enum.hpp(292,3): error C4430: 형식 지정자가 없습니다. int로 가정합니다. 참고: C++에서는 기본 int를 지원하지 않습니다.
  (소스 파일 'pch.cpp'을(를) 컴파일하는 중)
  
C:\Users\user\Documents\Projects\portfolio\Game\Libraries\Include\magic_enum\magic_enum.hpp(292,28): error C2143: 구문 오류: ';'이(가) '*' 앞에 없습니다.
  (소스 파일 'pch.cpp'을(를) 컴파일하는 중)
  
C:\Users\user\Documents\Projects\portfolio\Game\Libraries\Include\magic_enum\magic_enum.hpp(292,19): error C2178: 'magic_enum::detail::static_str<0>::char_type'은(는) 'constexpr' 지정자로 선언할 수 없습니다.
  (소스 파일 'pch.cpp'을(를) 컴파일하는 중)
  
C:\Users\user\Documents\Projects\portfolio\Game\Libraries\Include\magic_enum\magic_enum.hpp(292,52): error C2334: '{' 앞에 예기치 않은 토큰이 있습니다. 명백한 함수 본문을 건너뜁니다.
  (소스 파일 'pch.cpp'을(를) 컴파일하는 중)
  
C:\Users\user\Documents\Projects\portfolio\Game\Libraries\Include\magic_enum\magic_enum.hpp(288,52): error C2789: 'magic_enum::detail::static_str<0>::string_view': const 한정 형식의 개체를 초기화해야 합니다.
  (소스 파일 'pch.cpp'을(를) 컴파일하는 중)
      C:\Users\user\Documents\Projects\portfolio\Game\Libraries\Include\magic_enum\magic_enum.hpp(290,33):
      'magic_enum::detail::static_str<0>::string_view' 선언을 참조하십시오.
  
C:\Users\user\Documents\Projects\portfolio\Game\Libraries\Include\magic_enum\magic_enum.hpp(288,52): error C2789: 'magic_enum::detail::static_str<0>::char_type': const 한정 형식의 개체를 초기화해야 합니다.
  (소스 파일 'pch.cpp'을(를) 컴파일하는 중)
      C:\Users\user\Documents\Projects\portfolio\Game\Libraries\Include\magic_enum\magic_enum.hpp(292,19):
      'magic_enum::detail::static_str<0>::char_type' 선언을 참조하십시오.
  
C:\Users\user\Documents\Projects\portfolio\Game\Libraries\Include\magic_enum\magic_enum.hpp(288,3): error C3615: constexpr 함수 'magic_enum::detail::static_str<0>::static_str'은(는) 상수 식을 생성할 수 없습니다.
  (소스 파일 'pch.cpp'을(를) 컴파일하는 중)
      C:\Users\user\Documents\Projects\portfolio\Game\Libraries\Include\magic_enum\magic_enum.hpp(288,3):
      'constexpr' 생성자가 'magic_enum::detail::static_str<0>::string_view' 멤버를 초기화하지 않아 오류가 발생했습니다
      C:\Users\user\Documents\Projects\portfolio\Game\Libraries\Include\magic_enum\magic_enum.hpp(288,3):
      'constexpr' 생성자가 'magic_enum::detail::static_str<0>::char_type' 멤버를 초기화하지 않아 오류가 발생했습니다
  
C:\Users\user\Documents\Projects\portfolio\Game\Libraries\Include\magic_enum\magic_enum.hpp(301,30): error C3646: 'to_lower': 알 수 없는 재정의 지정자입니다.
  (소스 파일 'pch.cpp'을(를) 컴파일하는 중)
      C:\Users\user\Documents\Projects\portfolio\Game\Libraries\Include\magic_enum\magic_enum.hpp(301,30):
      템플릿 인스턴스화 컨텍스트(가장 오래된 인스턴스화 컨텍스트)가
          C:\Users\user\Documents\Projects\portfolio\Game\Libraries\Include\magic_enum\magic_enum.hpp(300,7):
          클래스 템플릿 'magic_enum::detail::case_insensitive'을(를) 컴파일하는 동안
  
C:\Users\user\Documents\Projects\portfolio\Game\Libraries\Include\magic_enum\magic_enum.hpp(301,39): error C2065: 'char_type': 선언되지 않은 식별자입니다.
  (소스 파일 'pch.cpp'을(를) 컴파일하는 중)
  
C:\Users\user\Documents\Projects\portfolio\Game\Libraries\Include\magic_enum\magic_enum.hpp(301,49): error C2146: 구문 오류: ')'이(가) 'c' 식별자 앞에 없습니다.
  (소스 파일 'pch.cpp'을(를) 컴파일하는 중)
  
C:\Users\user\Documents\Projects\portfolio\Game\Libraries\Include\magic_enum\magic_enum.hpp(301,61): error C2334: '{' 앞에 예기치 않은 토큰이 있습니다. 명백한 함수 본문을 건너뜁니다.
  (소스 파일 'pch.cpp'을(를) 컴파일하는 중)
  
C:\Users\user\Documents\Projects\portfolio\Game\Libraries\Include\magic_enum\magic_enum.hpp(307,110): error C2065: 'char_type': 선언되지 않은 식별자입니다.
  (소스 파일 'pch.cpp'을(를) 컴파일하는 중)
  
C:\Users\user\Documents\Projects\portfolio\Game\Libraries\Include\magic_enum\magic_enum.hpp(307,156): error C2065: 'char_type': 선언되지 않은 식별자입니다.
  (소스 파일 'pch.cpp'을(를) 컴파일하는 중)
  
C:\Users\user\Documents\Projects\portfolio\Game\Libraries\Include\magic_enum\magic_enum.hpp(307,83): error C2923: 'std::is_same_v': 'char_type'은(는) '<unnamed-symbol>' 매개 변수에 대한 올바른 템플릿 형식 인수가 아닙니다.
  (소스 파일 'pch.cpp'을(를) 컴파일하는 중)
      C:\Users\user\Documents\Projects\portfolio\Game\Libraries\Include\magic_enum\magic_enum.hpp(307,110):
      'char_type' 선언을 참조하십시오.
  
C:\Users\user\Documents\Projects\portfolio\Game\Libraries\Include\magic_enum\magic_enum.hpp(307,129): error C2923: 'std::is_same_v': 'char_type'은(는) '<unnamed-symbol>' 매개 변수에 대한 올바른 템플릿 형식 인수가 아닙니다.
  (소스 파일 'pch.cpp'을(를) 컴파일하는 중)
      C:\Users\user\Documents\Projects\portfolio\Game\Libraries\Include\magic_enum\magic_enum.hpp(307,156):
      'char_type' 선언을 참조하십시오.
  
C:\Users\user\Documents\Projects\portfolio\Game\Libraries\Include\magic_enum\magic_enum.hpp(307,124): error C2062: 예기치 않은 'unknown-type' 형식입니다.
  (소스 파일 'pch.cpp'을(를) 컴파일하는 중)
  
C:\Users\user\Documents\Projects\portfolio\Game\Libraries\Include\magic_enum\magic_enum.hpp(312,28): error C2065: 'string_view': 선언되지 않은 식별자입니다.
  (소스 파일 'pch.cpp'을(를) 컴파일하는 중)
  
C:\Users\user\Documents\Projects\portfolio\Game\Libraries\Include\magic_enum\magic_enum.hpp(312,40): error C2146: 구문 오류: ')'이(가) 'str' 식별자 앞에 없습니다.
  (소스 파일 'pch.cpp'을(를) 컴파일하는 중)
  
C:\Users\user\Documents\Projects\portfolio\Game\Libraries\Include\magic_enum\magic_enum.hpp(312,67): error C2143: 구문 오류: ';'이(가) '{' 앞에 없습니다.
  (소스 파일 'pch.cpp'을(를) 컴파일하는 중)
  
C:\Users\user\Documents\Projects\portfolio\Game\Libraries\Include\magic_enum\magic_enum.hpp(312,67): error C2447: '{': 함수 헤더가 없습니다. 이전 스타일의 형식 목록입니까?
  (소스 파일 'pch.cpp'을(를) 컴파일하는 중)
  
C:\Users\user\Documents\Projects\portfolio\Game\Libraries\Include\magic_enum\magic_enum.hpp(336,70): error C3861: 'string_view': 식별자를 찾을 수 없습니다.
  (소스 파일 'pch.cpp'을(를) 컴파일하는 중)
  
C:\Users\user\Documents\Projects\portfolio\Game\Libraries\Include\magic_enum\magic_enum.hpp(336,70): error C2065: 'string_view': 선언되지 않은 식별자입니다.
  (소스 파일 'pch.cpp'을(를) 컴파일하는 중)
  
C:\Users\user\Documents\Projects\portfolio\Game\Libraries\Include\magic_enum\magic_enum.hpp(343,44): error C2760: 구문 오류: 여기서 ','은(는) 예상치 못한 오류였습니다. 예상된 오류는 '식'였습니다
  (소스 파일 'pch.cpp'을(를) 컴파일하는 중)
  
C:\Users\user\Documents\Projects\portfolio\Game\Libraries\Include\magic_enum\magic_enum.hpp(343,44): error C2760: 구문 오류: 여기서 ','은(는) 예상치 못한 오류였습니다. 예상된 오류는 ';'였습니다
  (소스 파일 'pch.cpp'을(를) 컴파일하는 중)
  
C:\Users\user\Documents\Projects\portfolio\Game\Libraries\Include\magic_enum\magic_enum.hpp(343,44): error C3878: 구문 오류: 예기치 않은 토큰 ','이(가) 'jump-statement' 다음에 있습니다.
  (소스 파일 'pch.cpp'을(를) 컴파일하는 중)
  
C:\Users\user\Documents\Projects\portfolio\Game\Libraries\Include\magic_enum\magic_enum.hpp(343,44): message : 오류 복구를 건너뛰었습니다. ','
  (소스 파일 'pch.cpp'을(를) 컴파일하는 중)
  
C:\Users\user\Documents\Projects\portfolio\Game\Libraries\Include\magic_enum\magic_enum.hpp(343,61): error C2760: 구문 오류: 여기서 ','은(는) 예상치 못한 오류였습니다. 예상된 오류는 ';'였습니다
  (소스 파일 'pch.cpp'을(를) 컴파일하는 중)
  
C:\Users\user\Documents\Projects\portfolio\Game\Libraries\Include\magic_enum\magic_enum.hpp(343,63): error C2065: 'char_type': 선언되지 않은 식별자입니다.
  (소스 파일 'pch.cpp'을(를) 컴파일하는 중)
  
C:\Users\user\Documents\Projects\portfolio\Game\Libraries\Include\magic_enum\magic_enum.hpp(343,63): error C1003: 오류 수가 100개를 초과했습니다. 컴파일을 중지합니다.
  (소스 파일 'pch.cpp'을(를) 컴파일하는 중)
  
C:\Program Files\Microsoft Visual Studio\2022\Community\VC\Tools\MSVC\14.42.34433\include\optional(11): warning STL4038: The contents of <optional> are available only with C++17 or later.
C:\Program Files\Microsoft Visual Studio\2022\Community\VC\Tools\MSVC\14.42.34433\include\string_view(12): warning STL4038: The contents of <string_view> are available only with C++17 or later.
